\BOOKMARK [1][-]{section.1}{Introduction}{}% 1
\BOOKMARK [2][-]{subsection.1.1}{Polymers and products}{section.1}% 2
\BOOKMARK [1][-]{section.2}{Materials and methods}{}% 3
\BOOKMARK [2][-]{subsection.2.1}{Materials}{section.2}% 4
\BOOKMARK [2][-]{subsection.2.2}{Sample preparation}{section.2}% 5
\BOOKMARK [3][-]{subsubsection.2.2.1}{Manual drawing for x-ray diffraction \(XRD\) and mechanical testing}{subsection.2.2}% 6
\BOOKMARK [1][-]{section.3}{Experimental activity}{}% 7
\BOOKMARK [2][-]{subsection.3.1}{Vicat Softening Toughness analysis \(VST\)}{section.3}% 8
\BOOKMARK [2][-]{subsection.3.2}{Melt flow index \(MFI\) measurement}{section.3}% 9
\BOOKMARK [3][-]{subsubsection.3.2.1}{Molecular weight calculation}{subsection.3.2}% 10
\BOOKMARK [3][-]{subsubsection.3.2.2}{Activation energy calculation}{subsection.3.2}% 11
\BOOKMARK [2][-]{subsection.3.3}{Shore hardness measurement}{section.3}% 12
\BOOKMARK [2][-]{subsection.3.4}{Limit oxygen index \(LOI\) measurement}{section.3}% 13
\BOOKMARK [1][-]{section.4}{Results and discussion}{}% 14
\BOOKMARK [2][-]{subsection.4.1}{Vicat analysis \(VST\)}{section.4}% 15
\BOOKMARK [2][-]{subsection.4.2}{Melt flow index \(MFI\) measurement}{section.4}% 16
\BOOKMARK [3][-]{subsubsection.4.2.1}{Molecular weight calculation}{subsection.4.2}% 17
\BOOKMARK [3][-]{subsubsection.4.2.2}{Activation energy calculation}{subsection.4.2}% 18
\BOOKMARK [2][-]{subsection.4.3}{Shore hardness measurement}{section.4}% 19
\BOOKMARK [2][-]{subsection.4.4}{Limit oxygen index \(LOI\) measurement}{section.4}% 20
\BOOKMARK [1][-]{section.5}{Conclusions}{}% 21
\BOOKMARK [1][-]{section*.12}{Appendices}{}% 22
\BOOKMARK [1][-]{Appendix.a.A}{Vicat}{}% 23
\BOOKMARK [1][-]{Appendix.a.B}{Melt flow index}{}% 24
\BOOKMARK [1][-]{Appendix.a.C}{Molecular weight calculation + die swell}{}% 25
\BOOKMARK [1][-]{Appendix.a.D}{Shore hardness measurement}{}% 26
