\BOOKMARK [1][-]{section.1}{Introduction}{}% 1
\BOOKMARK [2][-]{subsection.1.1}{Materials}{section.1}% 2
\BOOKMARK [3][-]{subsubsection.1.1.1}{Polyethylene}{subsection.1.1}% 3
\BOOKMARK [3][-]{subsubsection.1.1.2}{Polystyrene}{subsection.1.1}% 4
\BOOKMARK [3][-]{subsubsection.1.1.3}{Polypropylene}{subsection.1.1}% 5
\BOOKMARK [3][-]{subsubsection.1.1.4}{Polyethylene terephthalate}{subsection.1.1}% 6
\BOOKMARK [3][-]{subsubsection.1.1.5}{Polyactic acid}{subsection.1.1}% 7
\BOOKMARK [3][-]{subsubsection.1.1.6}{Polymethyl methacrylate}{subsection.1.1}% 8
\BOOKMARK [1][-]{section.2}{Materials and methods}{}% 9
\BOOKMARK [2][-]{subsection.2.1}{Materials}{section.2}% 10
\BOOKMARK [2][-]{subsection.2.2}{Heat treatments}{section.2}% 11
\BOOKMARK [2][-]{subsection.2.3}{Sample preparation}{section.2}% 12
\BOOKMARK [1][-]{section.3}{Experimental activity}{}% 13
\BOOKMARK [2][-]{subsection.3.1}{Effect of heat treatments on samples}{section.3}% 14
\BOOKMARK [2][-]{subsection.3.2}{Differential scanning calorimetry \(DSC\)}{section.3}% 15
\BOOKMARK [3][-]{subsubsection.3.2.1}{Melting enthalpy, degree of crystallinity and density}{subsection.3.2}% 16
\BOOKMARK [3][-]{subsubsection.3.2.2}{Effect of DEG in PET}{subsection.3.2}% 17
\BOOKMARK [2][-]{subsection.3.3}{Density measurements}{section.3}% 18
\BOOKMARK [2][-]{subsection.3.4}{Thermo-gravimetric analysis \(TGA\)}{section.3}% 19
\BOOKMARK [2][-]{subsection.3.5}{Solvent effect}{section.3}% 20
\BOOKMARK [1][-]{section.4}{Results and discussion}{}% 21
\BOOKMARK [2][-]{subsection.4.1}{Effect of heat treatments on samples}{section.4}% 22
\BOOKMARK [2][-]{subsection.4.2}{Differential scanning calorimetry \(DSC\)}{section.4}% 23
\BOOKMARK [3][-]{subsubsection.4.2.1}{Melting enthalpy, degree of crystallinity and density}{subsection.4.2}% 24
\BOOKMARK [3][-]{subsubsection.4.2.2}{Effect of DEG in PET}{subsection.4.2}% 25
\BOOKMARK [2][-]{subsection.4.3}{Density measurements}{section.4}% 26
\BOOKMARK [2][-]{subsection.4.4}{Thermo-gravimetric analysis \(TGA\)}{section.4}% 27
\BOOKMARK [2][-]{subsection.4.5}{Solvent effect}{section.4}% 28
\BOOKMARK [1][-]{section.5}{Conclusions}{}% 29
